J:\Job\EmployeeManagement\client-app\dist\out-tsc\app\app-routing.module.js
J:\Job\EmployeeManagement\client-app\dist\out-tsc\app\app-routing.module.js.map
J:\Job\EmployeeManagement\client-app\dist\out-tsc\app\app.component.js
J:\Job\EmployeeManagement\client-app\dist\out-tsc\app\app.component.js.map
J:\Job\EmployeeManagement\client-app\dist\out-tsc\app\employee.service.js
J:\Job\EmployeeManagement\client-app\dist\out-tsc\app\employee.service.js.map
J:\Job\EmployeeManagement\client-app\dist\out-tsc\app\employee\employee.component.js
J:\Job\EmployeeManagement\client-app\dist\out-tsc\app\employee\employee.component.js.map
J:\Job\EmployeeManagement\client-app\dist\out-tsc\app\app.module.js
J:\Job\EmployeeManagement\client-app\dist\out-tsc\app\app.module.js.map
J:\Job\EmployeeManagement\client-app\dist\out-tsc\environments\environment.js
J:\Job\EmployeeManagement\client-app\dist\out-tsc\environments\environment.js.map
J:\Job\EmployeeManagement\client-app\dist\out-tsc\main.js
J:\Job\EmployeeManagement\client-app\dist\out-tsc\main.js.map
J:\Job\EmployeeManagement\client-app\dist\out-tsc\polyfills.js
J:\Job\EmployeeManagement\client-app\dist\out-tsc\polyfills.js.map
J:\Job\EmployeeManagement\client-app\dist\out-tsc\test.js
J:\Job\EmployeeManagement\client-app\dist\out-tsc\test.js.map
J:\Job\EmployeeManagement\client-app\dist\out-tsc\app\app.component.spec.js
J:\Job\EmployeeManagement\client-app\dist\out-tsc\app\app.component.spec.js.map
J:\Job\EmployeeManagement\client-app\dist\out-tsc\app\employee.service.spec.js
J:\Job\EmployeeManagement\client-app\dist\out-tsc\app\employee.service.spec.js.map
J:\Job\EmployeeManagement\client-app\dist\out-tsc\app\employee\employee.component.spec.js
J:\Job\EmployeeManagement\client-app\dist\out-tsc\app\employee\employee.component.spec.js.map
J:\Job\EmployeeManagement\client-app\dist\out-tsc\environments\environment.prod.js
J:\Job\EmployeeManagement\client-app\dist\out-tsc\environments\environment.prod.js.map
